<?xml version="1.0" encoding="UTF-8"?>
<!-- Generated by org.testng.reporters.JUnitXMLReporter -->
<testsuite ignored="0" hostname="DESKTOP-EVGVSIA" failures="0" tests="5" name="Default test" time="0.148" errors="0" timestamp="2022-08-04T19:53:36 IST">
  <testcase classname="testng_keyword.DependsOnMethod" name="b" time="0.024"/>
  <testcase classname="testng_keyword.DependsOnMethod" name="n" time="0.003"/>
  <testcase classname="testng_keyword.DependsOnMethod" name="y" time="0.003"/>
  <testcase classname="testng_keyword.DependsOnMethod" name="a" time="0.003"/>
  <testcase classname="testng_keyword.DependsOnMethod" name="e" time="0.002"/>
</testsuite> <!-- Default test -->
