<?xml version="1.0" encoding="UTF-8"?>
<testng-results ignored="0" total="5" passed="5" failed="0" skipped="0">
  <reporter-output>
    <line>
      <![CDATA[b method runnijng]]>
    </line>
    <line>
      <![CDATA[n method runnijng]]>
    </line>
    <line>
      <![CDATA[y method runnijng]]>
    </line>
    <line>
      <![CDATA[a method runnijng]]>
    </line>
    <line>
      <![CDATA[e method runnijng]]>
    </line>
  </reporter-output>
  <suite started-at="2022-08-04T19:53:35 IST" name="Default suite" finished-at="2022-08-04T19:53:36 IST" duration-ms="148">
    <groups>
    </groups>
    <test started-at="2022-08-04T19:53:35 IST" name="Default test" finished-at="2022-08-04T19:53:36 IST" duration-ms="148">
      <class name="testng_keyword.DependsOnMethod">
        <test-method signature="b()[pri:0, instance:testng_keyword.DependsOnMethod@4facf68f]" started-at="2022-08-04T19:53:36 IST" name="b" finished-at="2022-08-04T19:53:36 IST" duration-ms="24" status="PASS">
          <reporter-output>
            <line>
              <![CDATA[b method runnijng]]>
            </line>
          </reporter-output>
        </test-method> <!-- b -->
        <test-method signature="n()[pri:0, instance:testng_keyword.DependsOnMethod@4facf68f]" started-at="2022-08-04T19:53:36 IST" name="n" finished-at="2022-08-04T19:53:36 IST" duration-ms="3" status="PASS">
          <reporter-output>
            <line>
              <![CDATA[n method runnijng]]>
            </line>
          </reporter-output>
        </test-method> <!-- n -->
        <test-method signature="y()[pri:0, instance:testng_keyword.DependsOnMethod@4facf68f]" started-at="2022-08-04T19:53:36 IST" name="y" finished-at="2022-08-04T19:53:36 IST" duration-ms="3" status="PASS">
          <reporter-output>
            <line>
              <![CDATA[y method runnijng]]>
            </line>
          </reporter-output>
        </test-method> <!-- y -->
        <test-method signature="a()[pri:0, instance:testng_keyword.DependsOnMethod@4facf68f]" started-at="2022-08-04T19:53:36 IST" name="a" finished-at="2022-08-04T19:53:36 IST" depends-on-methods="testng_keyword.DependsOnMethod.y" duration-ms="3" status="PASS">
          <reporter-output>
            <line>
              <![CDATA[a method runnijng]]>
            </line>
          </reporter-output>
        </test-method> <!-- a -->
        <test-method signature="e()[pri:0, instance:testng_keyword.DependsOnMethod@4facf68f]" started-at="2022-08-04T19:53:36 IST" name="e" finished-at="2022-08-04T19:53:36 IST" depends-on-methods="testng_keyword.DependsOnMethod.a" duration-ms="2" status="PASS">
          <reporter-output>
            <line>
              <![CDATA[e method runnijng]]>
            </line>
          </reporter-output>
        </test-method> <!-- e -->
      </class> <!-- testng_keyword.DependsOnMethod -->
    </test> <!-- Default test -->
  </suite> <!-- Default suite -->
</testng-results>
